<?xml version="1.0" encoding="UTF-8"?>
<testng-results ignored="0" total="1" passed="1" failed="0" skipped="0">
  <reporter-output>
  </reporter-output>
  <suite started-at="2024-07-27T09:19:55 IST" name="Default suite" finished-at="2024-07-27T09:20:08 IST" duration-ms="12278">
    <groups>
    </groups>
    <test started-at="2024-07-27T09:19:55 IST" name="Default test" finished-at="2024-07-27T09:20:08 IST" duration-ms="12278">
      <class name="testcases.LoginTest">
        <test-method is-config="true" signature="Setup()[pri:0, instance:testcases.LoginTest@13c9d689]" started-at="2024-07-27T09:19:55 IST" name="Setup" finished-at="2024-07-27T09:20:07 IST" duration-ms="12098" status="PASS">
          <reporter-output>
          </reporter-output>
        </test-method> <!-- Setup -->
        <test-method signature="LoginApp()[pri:0, instance:testcases.LoginTest@13c9d689]" started-at="2024-07-27T09:20:07 IST" name="LoginApp" finished-at="2024-07-27T09:20:07 IST" duration-ms="26" status="PASS">
          <reporter-output>
          </reporter-output>
        </test-method> <!-- LoginApp -->
        <test-method is-config="true" signature="tearDown()[pri:0, instance:testcases.LoginTest@13c9d689]" started-at="2024-07-27T09:20:07 IST" name="tearDown" finished-at="2024-07-27T09:20:08 IST" duration-ms="121" status="PASS">
          <reporter-output>
          </reporter-output>
        </test-method> <!-- tearDown -->
      </class> <!-- testcases.LoginTest -->
    </test> <!-- Default test -->
  </suite> <!-- Default suite -->
</testng-results>
